# JRE version: Java(TM) SE Runtime Environment (8.0_341-b10) (build 1.8.0_341-b10)
# Java VM: Java HotSpot(TM) Client VM (25.341-b10 mixed mode, sharing windows-x86 )
Heap:
 def new generation   total 11520K, used 4284K [0x03a00000, 0x04670000, 0x08f50000)
  eden space 10304K,  29% used [0x03a00000, 0x03cff420, 0x04410000)
  from space 1216K,  99% used [0x04410000, 0x0453fef0, 0x04540000)
  to   space 1216K,   0% used [0x04540000, 0x04540000, 0x04670000)
 tenured generation   total 25320K, used 16876K [0x08f50000, 0x0a80a000, 0x13a00000)
   the space 25320K,  66% used [0x08f50000, 0x09fcb250, 0x09fcb400, 0x0a80a000)
 Metaspace       used 27391K, capacity 28835K, committed 28928K, reserved 29056K
GC Heap History (10 events):
Event: 9.404 GC heap before
{Heap before GC invocations=59 (full 2):
 def new generation   total 7808K, used 7808K [0x03a00000, 0x04270000, 0x08f50000)
  eden space 6976K, 100% used [0x03a00000, 0x040d0000, 0x040d0000)
  from space 832K, 100% used [0x040d0000, 0x041a0000, 0x041a0000)
  to   space 832K,   0% used [0x041a0000, 0x041a0000, 0x04270000)
 tenured generation   total 17200K, used 16535K [0x08f50000, 0x0a01c000, 0x13a00000)
   the space 17200K,  96% used [0x08f50000, 0x09f75cd0, 0x09f75e00, 0x0a01c000)
 Metaspace       used 23294K, capacity 24640K, committed 24704K, reserved 24960K
Event: 9.502 GC heap after
Heap after GC invocations=60 (full 3):
 def new generation   total 11520K, used 0K [0x03a00000, 0x04670000, 0x08f50000)
  eden space 10304K,   0% used [0x03a00000, 0x03a00000, 0x04410000)
  from space 1216K,   0% used [0x04410000, 0x04410000, 0x04540000)
  to   space 1216K,   0% used [0x04540000, 0x04540000, 0x04670000)
 tenured generation   total 25320K, used 15191K [0x08f50000, 0x0a80a000, 0x13a00000)
   the space 25320K,  59% used [0x08f50000, 0x09e25e18, 0x09e26000, 0x0a80a000)
 Metaspace       used 23292K, capacity 24633K, committed 24704K, reserved 24960K
}
Event: 9.800 GC heap before
{Heap before GC invocations=60 (full 3):
 def new generation   total 11520K, used 10304K [0x03a00000, 0x04670000, 0x08f50000)
  eden space 10304K, 100% used [0x03a00000, 0x04410000, 0x04410000)
  from space 1216K,   0% used [0x04410000, 0x04410000, 0x04540000)
  to   space 1216K,   0% used [0x04540000, 0x04540000, 0x04670000)
 tenured generation   total 25320K, used 15191K [0x08f50000, 0x0a80a000, 0x13a00000)
   the space 25320K,  59% used [0x08f50000, 0x09e25e18, 0x09e26000, 0x0a80a000)
 Metaspace       used 24516K, capacity 25913K, committed 25984K, reserved 25984K
Event: 9.808 GC heap after
Heap after GC invocations=61 (full 3):
 def new generation   total 11520K, used 1215K [0x03a00000, 0x04670000, 0x08f50000)
  eden space 10304K,   0% used [0x03a00000, 0x03a00000, 0x04410000)
  from space 1216K,  99% used [0x04540000, 0x0466fff8, 0x04670000)
  to   space 1216K,   0% used [0x04410000, 0x04410000, 0x04540000)
 tenured generation   total 25320K, used 15413K [0x08f50000, 0x0a80a000, 0x13a00000)
   the space 25320K,  60% used [0x08f50000, 0x09e5d5b0, 0x09e5d600, 0x0a80a000)
 Metaspace       used 24516K, capacity 25913K, committed 25984K, reserved 25984K
}
Event: 10.184 GC heap before
{Heap before GC invocations=61 (full 3):
 def new generation   total 11520K, used 11519K [0x03a00000, 0x04670000, 0x08f50000)
  eden space 10304K, 100% used [0x03a00000, 0x04410000, 0x04410000)
  from space 1216K,  99% used [0x04540000, 0x0466fff8, 0x04670000)
  to   space 1216K,   0% used [0x04410000, 0x04410000, 0x04540000)
 tenured generation   total 25320K, used 15413K [0x08f50000, 0x0a80a000, 0x13a00000)
   the space 25320K,  60% used [0x08f50000, 0x09e5d5b0, 0x09e5d600, 0x0a80a000)
 Metaspace       used 25452K, capacity 26846K, committed 27008K, reserved 27008K
Event: 10.192 GC heap after
Heap after GC invocations=62 (full 3):
 def new generation   total 11520K, used 1216K [0x03a00000, 0x04670000, 0x08f50000)
  eden space 10304K,   0% used [0x03a00000, 0x03a00000, 0x04410000)
  from space 1216K, 100% used [0x04410000, 0x04540000, 0x04540000)
  to   space 1216K,   0% used [0x04540000, 0x04540000, 0x04670000)
 tenured generation   total 25320K, used 16066K [0x08f50000, 0x0a80a000, 0x13a00000)
   the space 25320K,  63% used [0x08f50000, 0x09f00b90, 0x09f00c00, 0x0a80a000)
 Metaspace       used 25452K, capacity 26846K, committed 27008K, reserved 27008K
}
Event: 10.569 GC heap before
{Heap before GC invocations=62 (full 3):
 def new generation   total 11520K, used 11520K [0x03a00000, 0x04670000, 0x08f50000)
  eden space 10304K, 100% used [0x03a00000, 0x04410000, 0x04410000)
  from space 1216K, 100% used [0x04410000, 0x04540000, 0x04540000)
  to   space 1216K,   0% used [0x04540000, 0x04540000, 0x04670000)
 tenured generation   total 25320K, used 16066K [0x08f50000, 0x0a80a000, 0x13a00000)
   the space 25320K,  63% used [0x08f50000, 0x09f00b90, 0x09f00c00, 0x0a80a000)
 Metaspace       used 26409K, capacity 27834K, committed 27904K, reserved 28032K
Event: 10.575 GC heap after
Heap after GC invocations=63 (full 3):
 def new generation   total 11520K, used 1216K [0x03a00000, 0x04670000, 0x08f50000)
  eden space 10304K,   0% used [0x03a00000, 0x03a00000, 0x04410000)
  from space 1216K, 100% used [0x04540000, 0x04670000, 0x04670000)
  to   space 1216K,   0% used [0x04410000, 0x04410000, 0x04540000)
 tenured generation   total 25320K, used 16609K [0x08f50000, 0x0a80a000, 0x13a00000)
   the space 25320K,  65% used [0x08f50000, 0x09f885c0, 0x09f88600, 0x0a80a000)
 Metaspace       used 26409K, capacity 27834K, committed 27904K, reserved 28032K
}
Event: 11.110 GC heap before
{Heap before GC invocations=63 (full 3):
 def new generation   total 11520K, used 11520K [0x03a00000, 0x04670000, 0x08f50000)
  eden space 10304K, 100% used [0x03a00000, 0x04410000, 0x04410000)
  from space 1216K, 100% used [0x04540000, 0x04670000, 0x04670000)
  to   space 1216K,   0% used [0x04410000, 0x04410000, 0x04540000)
 tenured generation   total 25320K, used 16609K [0x08f50000, 0x0a80a000, 0x13a00000)
   the space 25320K,  65% used [0x08f50000, 0x09f885c0, 0x09f88600, 0x0a80a000)
 Metaspace       used 27067K, capacity 28477K, committed 28544K, reserved 29056K
Event: 11.119 GC heap after
Heap after GC invocations=64 (full 3):
 def new generation   total 11520K, used 1215K [0x03a00000, 0x04670000, 0x08f50000)
  eden space 10304K,   0% used [0x03a00000, 0x03a00000, 0x04410000)
  from space 1216K,  99% used [0x04410000, 0x0453fef0, 0x04540000)
  to   space 1216K,   0% used [0x04540000, 0x04540000, 0x04670000)
 tenured generation   total 25320K, used 16876K [0x08f50000, 0x0a80a000, 0x13a00000)
   the space 25320K,  66% used [0x08f50000, 0x09fcb250, 0x09fcb400, 0x0a80a000)
 Metaspace       used 27067K, capacity 28477K, committed 28544K, reserved 29056K
}

